### ISSUE TITLE
segmentation fault on evma_release_library

### ISSUE THREAD

**Issue by doomsplayer** [eventmachine/eventmachine#644]
em.cpp: line 176:  two pointers may point to same descriptor so there would be 'double delete violation'

a lock on global variable EventMachine would be better.

gdb debug log:

```
   0x00007fd41b8b5b87 <+341>:   callq  0x7fd41b8a95d0 <_ZNSt6vectorIP19EventableDescriptorSaIS1_EEixEm@plt>
   0x00007fd41b8b5b8c <+346>:   mov    (%rax),%rax
   0x00007fd41b8b5b8f <+349>:   test   %rax,%rax
   0x00007fd41b8b5b92 <+352>:   je     0x7fd41b8b5ba3 <_ZN14EventMachine_tD2Ev+369>
   0x00007fd41b8b5b94 <+354>:   mov    (%rax),%rdx
=> 0x00007fd41b8b5b97 <+357>:   add    $0x8,%rdx
   0x00007fd41b8b5b9b <+361>:   mov    (%rdx),%rdx
   0x00007fd41b8b5b9e <+364>:   mov    %rax,%rdi
   0x00007fd41b8b5ba1 <+367>:   callq  *%rdx
```
where +341 is the index operator and +352 is cpp's `delete guard` to avoid delete on NULL.
+367 is the virtual dtor of EventableDescriptor be called.

I set break point on +357 and here is the output:
```
(gdb) c
(gdb) x $rax
0x7fd426ccb1e0: 0x1badb790
(gdb) x $rdx
0x7fd41badb790 <_ZTV19LoopbreakDescriptor+16>:  0x1b8c8f44
(gdb) c
(gdb) x $rax
0x7fd426bf9100: 0x1badb890
(gdb) x $rdx
0x7fd41badb890 <_ZTV20ConnectionDescriptor+16>: 0x1b8c577a
(gdb) c
(gdb) x $rax
0x7fd4273fa490: 0x1badb890
(gdb) x $rdx
0x7fd41badb890 <_ZTV20ConnectionDescriptor+16>: 0x1b8c577a
(gdb) c
(gdb) x $rax
0x7fd426499340: 0x1badb9d0
(gdb) x $rdx
0x7fd41badb9d0 <_ZTV19EventableDescriptor+16>:  0x00000000
```
you see the element address of the second 'c' and third 'c' is same, and in the forth 'c' it deletes a deleted object and causes segmentation fault.

**Comment by sodabrew** [comment]
Nice find, and thank you for the detailed diagnosis.

Is this a case of the same descriptor getting into the Descriptors or NewDescriptors list twice, or listed once in both of those lists?

I don't follow where "a lock on global variable EventMachine would be better." - could you clarify this suggestion?

**Comment by doomsplayer** [comment]
@sodabrew I mean use a mutex on cmain.cpp:L31 which is a global mutable variable.

mutable global variables is an evil

BTW, I'm not very sure this is caused by 'multiple threads access same variable',

**Comment by doomsplayer** [comment]
The pointers in `Descriptor/NewDescriptor` point to different objects but these objects' vtable may point to same object. Very strange

**Comment by doomsplayer** [comment]
@sodabrew oh, gosh. It may not be the 'double delete violation', the same address mentioned above is because they are same class(ConnectionDescriptor), so the vtable must be same.

now the problem is: why the vtable of `0x7fd41badb9d0 <_ZTV19EventableDescriptor+16>:  0x00000000` is NULL

**Comment by doomsplayer** [comment]
I guess this is caused by some dynamic_cast error or uninitialized variable

**Comment by sodabrew** [comment]
Do you have a test script to set up this test run?

**Comment by doomsplayer** [comment]
No, after these days tracing I found this bug may be caused by rainbows and
faraday calling `release_machine` unexpectly.
Close this issue.

On Mon, Oct 12, 2015 at 8:51 PM Aaron Stone <notifications@github.com>
wrote:

> Do you have a test script to set up this test run?
>
> —
> Reply to this email directly or view it on GitHub
> <https://github.com/eventmachine/eventmachine/issues/644#issuecomment-147388992>
> .
>
-- 
Best,
Young
